make all --print-data-base --no-builtin-variables --no-builtin-rules --question
# GNU Make 3.81
# Copyright (C) 2006  Free Software Foundation, Inc.
# This is free software; see the source for copying conditions.
# There is NO warranty; not even for MERCHANTABILITY or FITNESS FOR A
# PARTICULAR PURPOSE.

# This program built for i386-apple-darwin11.3.0

# Make data base, printed on Tue May 10 22:28:53 2022

# Variables

# automatic
<D = $(patsubst %/,%,$(dir $<))
# automatic
?F = $(notdir $?)
# environment
ELECTRON_NO_ATTACH_CONSOLE = 1
# makefile (from `Makefile', line 27)
INCDIR = includes
# environment
VSCODE_LOG_NATIVE = false
# automatic
?D = $(patsubst %/,%,$(dir $?))
# automatic
@D = $(patsubst %/,%,$(dir $@))
# automatic
@F = $(notdir $@)
# makefile
CURDIR := /Users/jaejeong/Desktop/cpp_module/cpp05/ex03
# makefile
SHELL = /bin/sh
# environment
VSCODE_NLS_CONFIG = {"locale":"ko","availableLanguages":{"*":"ko"},"_languagePackId":"aa52a0d86289f9a4f017706e4b981fc7.ko","_translationsConfigFile":"/Users/jaejeong/Library/Application Support/Code/clp/aa52a0d86289f9a4f017706e4b981fc7.ko/tcf.json","_cacheRoot":"/Users/jaejeong/Library/Application Support/Code/clp/aa52a0d86289f9a4f017706e4b981fc7.ko","_resolvedLanguagePackCoreLocation":"/Users/jaejeong/Library/Application Support/Code/clp/aa52a0d86289f9a4f017706e4b981fc7.ko/57fd6d0195bb9b9d1b49f6da5db789060795de47","_corruptedFile":"/Users/jaejeong/Library/Application Support/Code/clp/aa52a0d86289f9a4f017706e4b981fc7.ko/corrupted.info","_languagePackSupport":true}
# environment
_ = /usr/bin/make
# makefile (from `Makefile', line 1)
MAKEFILE_LIST :=  Makefile
# makefile (from `Makefile', line 14)
CXXFLAGS = -Wall -Werror -Wextra -std=c++98 -I$(INCDIR)
# environment
VSCODE_VERBOSE_LOGGING = true
# makefile (from `Makefile', line 25)
OBJS = $(addprefix $(OBJDIR)/, $(SRCNAME:.cpp=.o))
# environment
VSCODE_IPC_HOOK_EXTHOST = /var/folders/zz/zyxvpxvq6csfxvn_n000ch9w00342g/T/vscode-ipc-40bed4ad-8892-42fa-8e8b-b6972a728b0b.sock
# environment
VSCODE_CWD = /Users/jaejeong/Desktop/cpp_module/cpp05/ex03
# environment
PATH = /Users/jaejeong/.brew/bin:/Users/jaejeong/.brew/bin:/usr/local/bin:/usr/bin:/bin:/usr/sbin:/sbin:/usr/local/munki:/Users/jaejeong/Desktop/Visual Studio Code.app/Contents/Resources/app/bin
# environment
LSCOLORS = Gxfxcxdxbxegedabagacad
# environment
VSCODE_LOG_STACK = false
# environment
ELECTRON_RUN_AS_NODE = 1
# default
.FEATURES := target-specific order-only second-expansion else-if archives jobserver check-symlink
# environment
SSH_AUTH_SOCK = /private/tmp/com.apple.launchd.Xob0xSh3Ma/Listeners
# makefile (from `Makefile', line 24)
SRCDIR = srcs
# automatic
%F = $(notdir $%)
# environment
VSCODE_PIPE_LOGGING = true
# environment
PWD = /Users/jaejeong/Desktop/cpp_module/cpp05/ex03
# environment
ORIGINAL_XDG_CURRENT_DESKTOP = undefined
# environment
VSCODE_AMD_ENTRYPOINT = vs/workbench/api/node/extensionHostProcess
# environment
HOME = /Users/jaejeong
# default
MAKEFILEPATH := /Applications/Xcode.app/Contents/Developer/Makefiles
# environment
VSCODE_CLI = 1
# environment
VSCODE_CODE_CACHE_PATH = /Users/jaejeong/Library/Application Support/Code/CachedData/57fd6d0195bb9b9d1b49f6da5db789060795de47
# environment
LOGNAME = jaejeong
# environment
APPLICATION_INSIGHTS_NO_DIAGNOSTIC_CHANNEL = 1
# environment
ZSH = /Users/jaejeong/.oh-my-zsh
# environment
VSCODE_HANDLES_UNCAUGHT_ERRORS = true
# automatic
^D = $(patsubst %/,%,$(dir $^))
# environment
XPC_FLAGS = 0x0
# environment
COLORTERM = truecolor
# default
MAKE = $(MAKE_COMMAND)
# environment
LC_TERMINAL = iTerm2
# makefile (from `Makefile', line 23)
SRCS = $(addprefix $(SRCDIR)/, $(SRCNAME))
# environment
SHLVL = 3
# makefile (from `Makefile', line 16)
SRCNAME = main.cpp Bureaucrat.cpp Form.cpp ShrubberyCreationForm.cpp RobotomyRequestForm.cpp PresidentialPardonForm.cpp Intern.cpp
# default
MAKE_VERSION := 3.81
# environment
USER = jaejeong
# makefile
.DEFAULT_GOAL := Form
# default
MAKECMDGOALS := all
# environment
TERM_SESSION_ID = w0t0p1:C7637E29-8D79-4896-B0A6-FB3CDCA7C9B7
# makefile (from `Makefile', line 15)
NAME = Form
# environment
LESS = -R
# automatic
%D = $(patsubst %/,%,$(dir $%))
# default
MAKE_COMMAND := /Applications/Xcode.app/Contents/Developer/usr/bin/make
# environment
TERM_PROGRAM = iTerm.app
# default
.VARIABLES := 
# environment
TMPDIR = /var/folders/zz/zyxvpxvq6csfxvn_n000ch9w00342g/T/
# automatic
*F = $(notdir $*)
# environment
VSCODE_IPC_HOOK = /Users/jaejeong/Library/Application Support/Code/1.67.0-main.sock
# makefile
MAKEFLAGS = Rrqp
# environment
MFLAGS = -Rrqp
# automatic
*D = $(patsubst %/,%,$(dir $*))
# environment
TERM_PROGRAM_VERSION = 3.3.7
# environment
XPC_SERVICE_NAME = 0
# environment
LC_TERMINAL_VERSION = 3.3.7
# automatic
+D = $(patsubst %/,%,$(dir $+))
# automatic
+F = $(notdir $+)
# environment
ITERM_SESSION_ID = w0t0p1:C7637E29-8D79-4896-B0A6-FB3CDCA7C9B7
# environment
COLORFGBG = 7;0
# environment
__CF_USER_TEXT_ENCODING = 0x1904F:0x0:0x0
# default
MAKEFILES := 
# automatic
<F = $(notdir $<)
# environment
ITERM_PROFILE = Default
# makefile (from `Makefile', line 26)
OBJDIR = build
# makefile (from `Makefile', line 13)
CXX = c++
# environment
PAGER = less
# environment
LC_ALL = C
# automatic
^F = $(notdir $^)
# default
SUFFIXES := 
# default
.INCLUDE_DIRS = /usr/local/include
# environment
MAKELEVEL := 0
# environment
LANG = C
# environment
TERM = xterm-256color
# environment
VSCODE_PID = 69631
# variable set hash-table stats:
# Load=85/1024=8%, Rehash=0, Collisions=6/120=5%

# Pattern-specific Variable Values

# No pattern-specific variable values.

# Directories

# . (device 16777225, inode 2435150): 6 files, no impossibilities.
# srcs (device 16777225, inode 2465126): 6 files, no impossibilities so far.

# 12 files, no impossibilities in 2 directories.

# Implicit Rules

build/%.o: srcs/%.cpp | build
#  commands to execute (from `Makefile', line 35):
	$(CXX) $(CXXFLAGS) -o $@ -c $^
	

# 1 implicit rules, 0 (0.0%) terminal.

# Files

build/main.o: srcs/main.cpp | build
#  Implicit rule search has been done.
#  Implicit/static pattern stem: `main'
#  File does not exist.
#  File has been updated.
#  Needs to be updated (-q is set).
# variable set hash-table stats:
# Load=0/32=0%, Rehash=0, Collisions=0/2=0%
#  commands to execute (from `Makefile', line 35):
	$(CXX) $(CXXFLAGS) -o $@ -c $^
	

all: Form
#  Phony target (prerequisite of .PHONY).
#  Command-line target.
#  Implicit rule search has not been done.
#  File does not exist.
#  File has been updated.
#  Needs to be updated (-q is set).
# variable set hash-table stats:
# Load=0/32=0%, Rehash=0, Collisions=0/2=0%

.PHONY: all clean fclean re
#  Implicit rule search has not been done.
#  Modification time never checked.
#  File has not been updated.

# Not a target:
.SUFFIXES:
#  Implicit rule search has not been done.
#  Modification time never checked.
#  File has not been updated.

# Not a target:
Makefile:
#  Implicit rule search has been done.
#  Last modified 2022-05-10 21:48:20
#  File has been updated.
#  Successfully updated.
# variable set hash-table stats:
# Load=0/32=0%, Rehash=0, Collisions=0/0=0%

build:
#  Implicit rule search has not been done.
#  Implicit/static pattern stem: `'
#  File does not exist.
#  File has been updated.
#  Needs to be updated (-q is set).
# automatic
# @ := build
# automatic
# % := 
# automatic
# * := 
# automatic
# + := 
# automatic
# | := 
# automatic
# < := 
# automatic
# ^ := 
# automatic
# ? := 
# variable set hash-table stats:
# Load=8/32=25%, Rehash=0, Collisions=1/10=10%
#  commands to execute (from `Makefile', line 38):
	mkdir build
	

fclean: clean
#  Phony target (prerequisite of .PHONY).
#  Implicit rule search has not been done.
#  File does not exist.
#  File has not been updated.
#  commands to execute (from `Makefile', line 44):
	$(RM) $(NAME)
	

# Not a target:
srcs/main.cpp:
#  Implicit rule search has been done.
#  Last modified 2022-05-10 21:47:30
#  File has been updated.
#  Successfully updated.
# variable set hash-table stats:
# Load=0/32=0%, Rehash=0, Collisions=0/0=0%

# Not a target:
build/ShrubberyCreationForm.o:
#  Implicit rule search has not been done.
#  Modification time never checked.
#  File has not been updated.

 
Form: build/main.o build/Bureaucrat.o build/Form.o build/ShrubberyCreationForm.o build/RobotomyRequestForm.o build/PresidentialPardonForm.o build/Intern.o
#  Implicit rule search has not been done.
#  File does not exist.
#  File has been updated.
#  Needs to be updated (-q is set).
# variable set hash-table stats:
# Load=0/32=0%, Rehash=0, Collisions=0/2=0%
#  commands to execute (from `Makefile', line 30):
	$(CXX) $(CXXFLAGS) -o $@ $^
	

# Not a target:
.DEFAULT:
#  Implicit rule search has not been done.
#  Modification time never checked.
#  File has not been updated.

# Not a target:
build/Intern.o:
#  Implicit rule search has not been done.
#  Modification time never checked.
#  File has not been updated.

re: fclean all
#  Phony target (prerequisite of .PHONY).
#  Implicit rule search has not been done.
#  File does not exist.
#  File has not been updated.

clean:
#  Phony target (prerequisite of .PHONY).
#  Implicit rule search has not been done.
#  File does not exist.
#  File has not been updated.
#  commands to execute (from `Makefile', line 41):
	$(RM) -r $(OBJDIR)
	

# Not a target:
build/Form.o:
#  Implicit rule search has not been done.
#  Modification time never checked.
#  File has not been updated.

# Not a target:
build/Bureaucrat.o:
#  Implicit rule search has not been done.
#  Modification time never checked.
#  File has not been updated.

# Not a target:
build/RobotomyRequestForm.o:
#  Implicit rule search has not been done.
#  Modification time never checked.
#  File has not been updated.

# Not a target:
build/PresidentialPardonForm.o:
#  Implicit rule search has not been done.
#  Modification time never checked.
#  File has not been updated.

# files hash-table stats:
# Load=18/1024=2%, Rehash=0, Collisions=0/52=0%
# VPATH Search Paths

# No `vpath' search paths.

# No general (`VPATH' variable) search path.

# # of strings in strcache: 1
# # of strcache buffers: 1
# strcache size: total = 4096 / max = 4096 / min = 4096 / avg = 4096
# strcache free: total = 4087 / max = 4087 / min = 4087 / avg = 4087

# Finished Make data base on Tue May 10 22:28:53 2022

 
